..\char-server.ilk
..\char-server.pdb
C:\USERS\USER\DOCUMENTS\GITHUB\RAGNAROKLARRY\CHAR-SERVER.EXE
C:\USERS\USER\DOCUMENTS\GITHUB\RAGNAROKLARRY\CHAR-SERVER.ILK
C:\USERS\USER\DOCUMENTS\GITHUB\RAGNAROKLARRY\CHAR-SERVER.PDB
C:\Users\User\Documents\GitHub\ragnaroklarry\vcproj-10\..\char-server.exe
C:\Users\User\Documents\GitHub\ragnaroklarry\vcproj-10\char-server\Debug\char.obj
C:\Users\User\Documents\GitHub\ragnaroklarry\vcproj-10\char-server\Debug\char_clif.obj
C:\Users\User\Documents\GitHub\ragnaroklarry\vcproj-10\char-server\Debug\char_cnslif.obj
C:\Users\User\Documents\GitHub\ragnaroklarry\vcproj-10\char-server\Debug\char_logif.obj
C:\Users\User\Documents\GitHub\ragnaroklarry\vcproj-10\char-server\Debug\char_mapif.obj
C:\USERS\USER\DOCUMENTS\GITHUB\RAGNAROKLARRY\VCPROJ-10\CHAR-SERVER\DEBUG\CHAR-SERVER.EXE.EMBED.MANIFEST
C:\USERS\USER\DOCUMENTS\GITHUB\RAGNAROKLARRY\VCPROJ-10\CHAR-SERVER\DEBUG\CHAR-SERVER.EXE.EMBED.MANIFEST.RES
C:\USERS\USER\DOCUMENTS\GITHUB\RAGNAROKLARRY\VCPROJ-10\CHAR-SERVER\DEBUG\CHAR-SERVER.EXE.INTERMEDIATE.MANIFEST
C:\Users\User\Documents\GitHub\ragnaroklarry\vcproj-10\char-server\Debug\char-server.write.1.tlog
C:\Users\User\Documents\GitHub\ragnaroklarry\vcproj-10\char-server\Debug\char-server_manifest.rc
C:\Users\User\Documents\GitHub\ragnaroklarry\vcproj-10\char-server\Debug\CL.40000.read.1.tlog
C:\Users\User\Documents\GitHub\ragnaroklarry\vcproj-10\char-server\Debug\CL.40000.write.1.tlog
C:\Users\User\Documents\GitHub\ragnaroklarry\vcproj-10\char-server\Debug\CL.53528.read.1.tlog
C:\Users\User\Documents\GitHub\ragnaroklarry\vcproj-10\char-server\Debug\CL.53528.write.1.tlog
C:\Users\User\Documents\GitHub\ragnaroklarry\vcproj-10\char-server\Debug\CL.57368.read.1.tlog
C:\Users\User\Documents\GitHub\ragnaroklarry\vcproj-10\char-server\Debug\CL.57368.write.1.tlog
C:\Users\User\Documents\GitHub\ragnaroklarry\vcproj-10\char-server\Debug\CL.58620.read.1.tlog
C:\Users\User\Documents\GitHub\ragnaroklarry\vcproj-10\char-server\Debug\CL.58620.write.1.tlog
C:\Users\User\Documents\GitHub\ragnaroklarry\vcproj-10\char-server\Debug\CL.59560.read.1.tlog
C:\Users\User\Documents\GitHub\ragnaroklarry\vcproj-10\char-server\Debug\CL.59560.write.1.tlog
C:\Users\User\Documents\GitHub\ragnaroklarry\vcproj-10\char-server\Debug\CL.59652.read.1.tlog
C:\Users\User\Documents\GitHub\ragnaroklarry\vcproj-10\char-server\Debug\CL.59652.write.1.tlog
C:\Users\User\Documents\GitHub\ragnaroklarry\vcproj-10\char-server\Debug\CL.61568.read.1.tlog
C:\Users\User\Documents\GitHub\ragnaroklarry\vcproj-10\char-server\Debug\CL.61568.write.1.tlog
C:\Users\User\Documents\GitHub\ragnaroklarry\vcproj-10\char-server\Debug\CL.62540.read.1.tlog
C:\Users\User\Documents\GitHub\ragnaroklarry\vcproj-10\char-server\Debug\CL.62540.write.1.tlog
C:\Users\User\Documents\GitHub\ragnaroklarry\vcproj-10\char-server\Debug\cl.command.1.tlog
C:\Users\User\Documents\GitHub\ragnaroklarry\vcproj-10\char-server\Debug\CL.read.1.tlog
C:\Users\User\Documents\GitHub\ragnaroklarry\vcproj-10\char-server\Debug\cl.write.1.tlog
C:\Users\User\Documents\GitHub\ragnaroklarry\vcproj-10\char-server\Debug\cli.obj
C:\Users\User\Documents\GitHub\ragnaroklarry\vcproj-10\char-server\Debug\conf.obj
C:\Users\User\Documents\GitHub\ragnaroklarry\vcproj-10\char-server\Debug\core.obj
C:\Users\User\Documents\GitHub\ragnaroklarry\vcproj-10\char-server\Debug\db.obj
C:\Users\User\Documents\GitHub\ragnaroklarry\vcproj-10\char-server\Debug\ers.obj
C:\Users\User\Documents\GitHub\ragnaroklarry\vcproj-10\char-server\Debug\grammar.obj
C:\Users\User\Documents\GitHub\ragnaroklarry\vcproj-10\char-server\Debug\int_auction.obj
C:\Users\User\Documents\GitHub\ragnaroklarry\vcproj-10\char-server\Debug\int_elemental.obj
C:\Users\User\Documents\GitHub\ragnaroklarry\vcproj-10\char-server\Debug\int_guild.obj
C:\Users\User\Documents\GitHub\ragnaroklarry\vcproj-10\char-server\Debug\int_homun.obj
C:\Users\User\Documents\GitHub\ragnaroklarry\vcproj-10\char-server\Debug\int_mail.obj
C:\Users\User\Documents\GitHub\ragnaroklarry\vcproj-10\char-server\Debug\int_mercenary.obj
C:\Users\User\Documents\GitHub\ragnaroklarry\vcproj-10\char-server\Debug\int_party.obj
C:\Users\User\Documents\GitHub\ragnaroklarry\vcproj-10\char-server\Debug\int_pet.obj
C:\Users\User\Documents\GitHub\ragnaroklarry\vcproj-10\char-server\Debug\int_quest.obj
C:\Users\User\Documents\GitHub\ragnaroklarry\vcproj-10\char-server\Debug\int_storage.obj
C:\Users\User\Documents\GitHub\ragnaroklarry\vcproj-10\char-server\Debug\inter.obj
C:\Users\User\Documents\GitHub\ragnaroklarry\vcproj-10\char-server\Debug\libconfig.obj
C:\Users\User\Documents\GitHub\ragnaroklarry\vcproj-10\char-server\Debug\link.48828.read.1.tlog
C:\Users\User\Documents\GitHub\ragnaroklarry\vcproj-10\char-server\Debug\link.48828.write.1.tlog
C:\Users\User\Documents\GitHub\ragnaroklarry\vcproj-10\char-server\Debug\link.48828-cvtres.read.1.tlog
C:\Users\User\Documents\GitHub\ragnaroklarry\vcproj-10\char-server\Debug\link.48828-cvtres.write.1.tlog
C:\Users\User\Documents\GitHub\ragnaroklarry\vcproj-10\char-server\Debug\link.command.1.tlog
C:\Users\User\Documents\GitHub\ragnaroklarry\vcproj-10\char-server\Debug\link.read.1.tlog
C:\Users\User\Documents\GitHub\ragnaroklarry\vcproj-10\char-server\Debug\link.write.1.tlog
C:\Users\User\Documents\GitHub\ragnaroklarry\vcproj-10\char-server\Debug\link-cvtres.read.1.tlog
C:\Users\User\Documents\GitHub\ragnaroklarry\vcproj-10\char-server\Debug\link-cvtres.write.1.tlog
C:\Users\User\Documents\GitHub\ragnaroklarry\vcproj-10\char-server\Debug\malloc.obj
C:\Users\User\Documents\GitHub\ragnaroklarry\vcproj-10\char-server\Debug\mapindex.obj
C:\Users\User\Documents\GitHub\ragnaroklarry\vcproj-10\char-server\Debug\mempool.obj
C:\Users\User\Documents\GitHub\ragnaroklarry\vcproj-10\char-server\Debug\msg_conf.obj
C:\Users\User\Documents\GitHub\ragnaroklarry\vcproj-10\char-server\Debug\mt.command.1.tlog
C:\Users\User\Documents\GitHub\ragnaroklarry\vcproj-10\char-server\Debug\mt.read.1.tlog
C:\Users\User\Documents\GitHub\ragnaroklarry\vcproj-10\char-server\Debug\mt.write.1.tlog
C:\Users\User\Documents\GitHub\ragnaroklarry\vcproj-10\char-server\Debug\mt19937ar.obj
C:\Users\User\Documents\GitHub\ragnaroklarry\vcproj-10\char-server\Debug\mutex.obj
C:\Users\User\Documents\GitHub\ragnaroklarry\vcproj-10\char-server\Debug\nullpo.obj
C:\Users\User\Documents\GitHub\ragnaroklarry\vcproj-10\char-server\Debug\raconf.obj
C:\Users\User\Documents\GitHub\ragnaroklarry\vcproj-10\char-server\Debug\random.obj
C:\Users\User\Documents\GitHub\ragnaroklarry\vcproj-10\char-server\Debug\rc.command.1.tlog
C:\Users\User\Documents\GitHub\ragnaroklarry\vcproj-10\char-server\Debug\rc.read.1.tlog
C:\Users\User\Documents\GitHub\ragnaroklarry\vcproj-10\char-server\Debug\rc.write.1.tlog
C:\Users\User\Documents\GitHub\ragnaroklarry\vcproj-10\char-server\Debug\scanctx.obj
C:\Users\User\Documents\GitHub\ragnaroklarry\vcproj-10\char-server\Debug\scanner.obj
C:\Users\User\Documents\GitHub\ragnaroklarry\vcproj-10\char-server\Debug\showmsg.obj
C:\Users\User\Documents\GitHub\ragnaroklarry\vcproj-10\char-server\Debug\socket.obj
C:\Users\User\Documents\GitHub\ragnaroklarry\vcproj-10\char-server\Debug\sql.obj
C:\Users\User\Documents\GitHub\ragnaroklarry\vcproj-10\char-server\Debug\strbuf.obj
C:\Users\User\Documents\GitHub\ragnaroklarry\vcproj-10\char-server\Debug\strlib.obj
C:\Users\User\Documents\GitHub\ragnaroklarry\vcproj-10\char-server\Debug\thread.obj
C:\Users\User\Documents\GitHub\ragnaroklarry\vcproj-10\char-server\Debug\timer.obj
C:\Users\User\Documents\GitHub\ragnaroklarry\vcproj-10\char-server\Debug\utils.obj
C:\Users\User\Documents\GitHub\ragnaroklarry\vcproj-10\char-server\Debug\vc100.idb
C:\USERS\USER\DOCUMENTS\GITHUB\RAGNAROKLARRY\VCPROJ-10\CHAR-SERVER\DEBUG\VC100.PDB
