..\mapcache.ilk
..\mapcache.pdb
C:\USERS\USER\DOCUMENTS\GITHUB\RAGNAROKLARRY\MAPCACHE.EXE
C:\USERS\USER\DOCUMENTS\GITHUB\RAGNAROKLARRY\MAPCACHE.ILK
C:\USERS\USER\DOCUMENTS\GITHUB\RAGNAROKLARRY\MAPCACHE.PDB
C:\Users\User\Documents\GitHub\ragnaroklarry\vcproj-10\..\mapcache.exe
C:\Users\User\Documents\GitHub\ragnaroklarry\vcproj-10\mapcache\Debug\CL.29516.read.1.tlog
C:\Users\User\Documents\GitHub\ragnaroklarry\vcproj-10\mapcache\Debug\CL.29516.write.1.tlog
C:\Users\User\Documents\GitHub\ragnaroklarry\vcproj-10\mapcache\Debug\CL.51052.read.1.tlog
C:\Users\User\Documents\GitHub\ragnaroklarry\vcproj-10\mapcache\Debug\CL.51052.write.1.tlog
C:\Users\User\Documents\GitHub\ragnaroklarry\vcproj-10\mapcache\Debug\CL.55444.read.1.tlog
C:\Users\User\Documents\GitHub\ragnaroklarry\vcproj-10\mapcache\Debug\CL.55444.write.1.tlog
C:\Users\User\Documents\GitHub\ragnaroklarry\vcproj-10\mapcache\Debug\CL.56104.read.1.tlog
C:\Users\User\Documents\GitHub\ragnaroklarry\vcproj-10\mapcache\Debug\CL.56104.write.1.tlog
C:\Users\User\Documents\GitHub\ragnaroklarry\vcproj-10\mapcache\Debug\CL.58008.read.1.tlog
C:\Users\User\Documents\GitHub\ragnaroklarry\vcproj-10\mapcache\Debug\CL.58008.write.1.tlog
C:\Users\User\Documents\GitHub\ragnaroklarry\vcproj-10\mapcache\Debug\CL.58820.read.1.tlog
C:\Users\User\Documents\GitHub\ragnaroklarry\vcproj-10\mapcache\Debug\CL.58820.write.1.tlog
C:\Users\User\Documents\GitHub\ragnaroklarry\vcproj-10\mapcache\Debug\CL.58904.read.1.tlog
C:\Users\User\Documents\GitHub\ragnaroklarry\vcproj-10\mapcache\Debug\CL.58904.write.1.tlog
C:\Users\User\Documents\GitHub\ragnaroklarry\vcproj-10\mapcache\Debug\CL.63624.read.1.tlog
C:\Users\User\Documents\GitHub\ragnaroklarry\vcproj-10\mapcache\Debug\CL.63624.write.1.tlog
C:\Users\User\Documents\GitHub\ragnaroklarry\vcproj-10\mapcache\Debug\cl.command.1.tlog
C:\Users\User\Documents\GitHub\ragnaroklarry\vcproj-10\mapcache\Debug\CL.read.1.tlog
C:\Users\User\Documents\GitHub\ragnaroklarry\vcproj-10\mapcache\Debug\cl.write.1.tlog
C:\Users\User\Documents\GitHub\ragnaroklarry\vcproj-10\mapcache\Debug\core.obj
C:\Users\User\Documents\GitHub\ragnaroklarry\vcproj-10\mapcache\Debug\des.obj
C:\Users\User\Documents\GitHub\ragnaroklarry\vcproj-10\mapcache\Debug\grfio.obj
C:\Users\User\Documents\GitHub\ragnaroklarry\vcproj-10\mapcache\Debug\link.57908.read.1.tlog
C:\Users\User\Documents\GitHub\ragnaroklarry\vcproj-10\mapcache\Debug\link.57908.write.1.tlog
C:\Users\User\Documents\GitHub\ragnaroklarry\vcproj-10\mapcache\Debug\link.57908-cvtres.read.1.tlog
C:\Users\User\Documents\GitHub\ragnaroklarry\vcproj-10\mapcache\Debug\link.57908-cvtres.write.1.tlog
C:\Users\User\Documents\GitHub\ragnaroklarry\vcproj-10\mapcache\Debug\link.command.1.tlog
C:\Users\User\Documents\GitHub\ragnaroklarry\vcproj-10\mapcache\Debug\link.read.1.tlog
C:\Users\User\Documents\GitHub\ragnaroklarry\vcproj-10\mapcache\Debug\link.write.1.tlog
C:\Users\User\Documents\GitHub\ragnaroklarry\vcproj-10\mapcache\Debug\link-cvtres.read.1.tlog
C:\Users\User\Documents\GitHub\ragnaroklarry\vcproj-10\mapcache\Debug\link-cvtres.write.1.tlog
C:\Users\User\Documents\GitHub\ragnaroklarry\vcproj-10\mapcache\Debug\malloc.obj
C:\USERS\USER\DOCUMENTS\GITHUB\RAGNAROKLARRY\VCPROJ-10\MAPCACHE\DEBUG\MAPCACHE.EXE.EMBED.MANIFEST
C:\USERS\USER\DOCUMENTS\GITHUB\RAGNAROKLARRY\VCPROJ-10\MAPCACHE\DEBUG\MAPCACHE.EXE.EMBED.MANIFEST.RES
C:\USERS\USER\DOCUMENTS\GITHUB\RAGNAROKLARRY\VCPROJ-10\MAPCACHE\DEBUG\MAPCACHE.EXE.INTERMEDIATE.MANIFEST
C:\Users\User\Documents\GitHub\ragnaroklarry\vcproj-10\mapcache\Debug\mapcache.obj
C:\Users\User\Documents\GitHub\ragnaroklarry\vcproj-10\mapcache\Debug\mapcache.write.1.tlog
C:\Users\User\Documents\GitHub\ragnaroklarry\vcproj-10\mapcache\Debug\mapcache_manifest.rc
C:\Users\User\Documents\GitHub\ragnaroklarry\vcproj-10\mapcache\Debug\mt.command.1.tlog
C:\Users\User\Documents\GitHub\ragnaroklarry\vcproj-10\mapcache\Debug\mt.read.1.tlog
C:\Users\User\Documents\GitHub\ragnaroklarry\vcproj-10\mapcache\Debug\mt.write.1.tlog
C:\Users\User\Documents\GitHub\ragnaroklarry\vcproj-10\mapcache\Debug\rc.command.1.tlog
C:\Users\User\Documents\GitHub\ragnaroklarry\vcproj-10\mapcache\Debug\rc.read.1.tlog
C:\Users\User\Documents\GitHub\ragnaroklarry\vcproj-10\mapcache\Debug\rc.write.1.tlog
C:\Users\User\Documents\GitHub\ragnaroklarry\vcproj-10\mapcache\Debug\showmsg.obj
C:\Users\User\Documents\GitHub\ragnaroklarry\vcproj-10\mapcache\Debug\strlib.obj
C:\Users\User\Documents\GitHub\ragnaroklarry\vcproj-10\mapcache\Debug\utils.obj
C:\Users\User\Documents\GitHub\ragnaroklarry\vcproj-10\mapcache\Debug\vc100.idb
C:\USERS\USER\DOCUMENTS\GITHUB\RAGNAROKLARRY\VCPROJ-10\MAPCACHE\DEBUG\VC100.PDB
