..\map-server.ilk
..\map-server.pdb
D:\RAGNAROK\RATHENA REV 17719\MAP-SERVER.EXE
D:\RAGNAROK\RATHENA REV 17719\MAP-SERVER.ILK
D:\RAGNAROK\RATHENA REV 17719\MAP-SERVER.PDB
D:\Ragnarok\rathena rev 17719\vcproj-10\..\map-server.exe
D:\Ragnarok\rathena rev 17719\vcproj-10\map-server\Debug\atcommand.obj
D:\Ragnarok\rathena rev 17719\vcproj-10\map-server\Debug\battle.obj
D:\Ragnarok\rathena rev 17719\vcproj-10\map-server\Debug\battleground.obj
D:\Ragnarok\rathena rev 17719\vcproj-10\map-server\Debug\buyingstore.obj
D:\Ragnarok\rathena rev 17719\vcproj-10\map-server\Debug\cashshop.obj
D:\Ragnarok\rathena rev 17719\vcproj-10\map-server\Debug\channel.obj
D:\Ragnarok\rathena rev 17719\vcproj-10\map-server\Debug\chat.obj
D:\Ragnarok\rathena rev 17719\vcproj-10\map-server\Debug\chrif.obj
D:\Ragnarok\rathena rev 17719\vcproj-10\map-server\Debug\CL.10060.read.1.tlog
D:\Ragnarok\rathena rev 17719\vcproj-10\map-server\Debug\CL.10060.write.1.tlog
D:\Ragnarok\rathena rev 17719\vcproj-10\map-server\Debug\CL.10852.read.1.tlog
D:\Ragnarok\rathena rev 17719\vcproj-10\map-server\Debug\CL.10852.write.1.tlog
D:\Ragnarok\rathena rev 17719\vcproj-10\map-server\Debug\CL.15436.read.1.tlog
D:\Ragnarok\rathena rev 17719\vcproj-10\map-server\Debug\CL.15436.write.1.tlog
D:\Ragnarok\rathena rev 17719\vcproj-10\map-server\Debug\CL.17900.read.1.tlog
D:\Ragnarok\rathena rev 17719\vcproj-10\map-server\Debug\CL.17900.write.1.tlog
D:\Ragnarok\rathena rev 17719\vcproj-10\map-server\Debug\CL.6416.read.1.tlog
D:\Ragnarok\rathena rev 17719\vcproj-10\map-server\Debug\CL.6416.write.1.tlog
D:\Ragnarok\rathena rev 17719\vcproj-10\map-server\Debug\CL.7148.read.1.tlog
D:\Ragnarok\rathena rev 17719\vcproj-10\map-server\Debug\CL.7148.write.1.tlog
D:\Ragnarok\rathena rev 17719\vcproj-10\map-server\Debug\CL.7704.read.1.tlog
D:\Ragnarok\rathena rev 17719\vcproj-10\map-server\Debug\CL.7704.write.1.tlog
D:\Ragnarok\rathena rev 17719\vcproj-10\map-server\Debug\CL.8028.read.1.tlog
D:\Ragnarok\rathena rev 17719\vcproj-10\map-server\Debug\CL.8028.write.1.tlog
D:\Ragnarok\rathena rev 17719\vcproj-10\map-server\Debug\cl.command.1.tlog
D:\Ragnarok\rathena rev 17719\vcproj-10\map-server\Debug\CL.read.1.tlog
D:\Ragnarok\rathena rev 17719\vcproj-10\map-server\Debug\cl.write.1.tlog
D:\Ragnarok\rathena rev 17719\vcproj-10\map-server\Debug\cli.obj
D:\Ragnarok\rathena rev 17719\vcproj-10\map-server\Debug\clif.obj
D:\Ragnarok\rathena rev 17719\vcproj-10\map-server\Debug\conf.obj
D:\Ragnarok\rathena rev 17719\vcproj-10\map-server\Debug\core.obj
D:\Ragnarok\rathena rev 17719\vcproj-10\map-server\Debug\date.obj
D:\Ragnarok\rathena rev 17719\vcproj-10\map-server\Debug\db.obj
D:\Ragnarok\rathena rev 17719\vcproj-10\map-server\Debug\des.obj
D:\Ragnarok\rathena rev 17719\vcproj-10\map-server\Debug\duel.obj
D:\Ragnarok\rathena rev 17719\vcproj-10\map-server\Debug\elemental.obj
D:\Ragnarok\rathena rev 17719\vcproj-10\map-server\Debug\ers.obj
D:\Ragnarok\rathena rev 17719\vcproj-10\map-server\Debug\grammar.obj
D:\Ragnarok\rathena rev 17719\vcproj-10\map-server\Debug\grfio.obj
D:\Ragnarok\rathena rev 17719\vcproj-10\map-server\Debug\guild.obj
D:\Ragnarok\rathena rev 17719\vcproj-10\map-server\Debug\homunculus.obj
D:\Ragnarok\rathena rev 17719\vcproj-10\map-server\Debug\instance.obj
D:\Ragnarok\rathena rev 17719\vcproj-10\map-server\Debug\intif.obj
D:\Ragnarok\rathena rev 17719\vcproj-10\map-server\Debug\itemdb.obj
D:\Ragnarok\rathena rev 17719\vcproj-10\map-server\Debug\libconfig.obj
D:\Ragnarok\rathena rev 17719\vcproj-10\map-server\Debug\link.5860.read.1.tlog
D:\Ragnarok\rathena rev 17719\vcproj-10\map-server\Debug\link.5860.write.1.tlog
D:\Ragnarok\rathena rev 17719\vcproj-10\map-server\Debug\link.5860-cvtres.read.1.tlog
D:\Ragnarok\rathena rev 17719\vcproj-10\map-server\Debug\link.5860-cvtres.write.1.tlog
D:\Ragnarok\rathena rev 17719\vcproj-10\map-server\Debug\link.command.1.tlog
D:\Ragnarok\rathena rev 17719\vcproj-10\map-server\Debug\link.read.1.tlog
D:\Ragnarok\rathena rev 17719\vcproj-10\map-server\Debug\link.write.1.tlog
D:\Ragnarok\rathena rev 17719\vcproj-10\map-server\Debug\link-cvtres.read.1.tlog
D:\Ragnarok\rathena rev 17719\vcproj-10\map-server\Debug\link-cvtres.write.1.tlog
D:\Ragnarok\rathena rev 17719\vcproj-10\map-server\Debug\log.obj
D:\Ragnarok\rathena rev 17719\vcproj-10\map-server\Debug\mail.obj
D:\Ragnarok\rathena rev 17719\vcproj-10\map-server\Debug\malloc.obj
D:\Ragnarok\rathena rev 17719\vcproj-10\map-server\Debug\map.obj
D:\Ragnarok\rathena rev 17719\vcproj-10\map-server\Debug\mapindex.obj
D:\Ragnarok\rathena rev 17719\vcproj-10\map-server\Debug\mapreg.obj
D:\RAGNAROK\RATHENA REV 17719\VCPROJ-10\MAP-SERVER\DEBUG\MAP-SERVER.EXE.EMBED.MANIFEST
D:\RAGNAROK\RATHENA REV 17719\VCPROJ-10\MAP-SERVER\DEBUG\MAP-SERVER.EXE.EMBED.MANIFEST.RES
D:\RAGNAROK\RATHENA REV 17719\VCPROJ-10\MAP-SERVER\DEBUG\MAP-SERVER.EXE.INTERMEDIATE.MANIFEST
D:\Ragnarok\rathena rev 17719\vcproj-10\map-server\Debug\map-server.vcxprojResolveAssemblyReference.cache
D:\Ragnarok\rathena rev 17719\vcproj-10\map-server\Debug\map-server.write.1.tlog
D:\Ragnarok\rathena rev 17719\vcproj-10\map-server\Debug\map-server_manifest.rc
D:\Ragnarok\rathena rev 17719\vcproj-10\map-server\Debug\md5calc.obj
D:\Ragnarok\rathena rev 17719\vcproj-10\map-server\Debug\mempool.obj
D:\Ragnarok\rathena rev 17719\vcproj-10\map-server\Debug\mercenary.obj
D:\Ragnarok\rathena rev 17719\vcproj-10\map-server\Debug\mob.obj
D:\Ragnarok\rathena rev 17719\vcproj-10\map-server\Debug\msg_conf.obj
D:\Ragnarok\rathena rev 17719\vcproj-10\map-server\Debug\mt.command.1.tlog
D:\Ragnarok\rathena rev 17719\vcproj-10\map-server\Debug\mt.read.1.tlog
D:\Ragnarok\rathena rev 17719\vcproj-10\map-server\Debug\mt.write.1.tlog
D:\Ragnarok\rathena rev 17719\vcproj-10\map-server\Debug\mt19937ar.obj
D:\Ragnarok\rathena rev 17719\vcproj-10\map-server\Debug\mutex.obj
D:\Ragnarok\rathena rev 17719\vcproj-10\map-server\Debug\npc.obj
D:\Ragnarok\rathena rev 17719\vcproj-10\map-server\Debug\npc_chat.obj
D:\Ragnarok\rathena rev 17719\vcproj-10\map-server\Debug\nullpo.obj
D:\Ragnarok\rathena rev 17719\vcproj-10\map-server\Debug\party.obj
D:\Ragnarok\rathena rev 17719\vcproj-10\map-server\Debug\path.obj
D:\Ragnarok\rathena rev 17719\vcproj-10\map-server\Debug\pc.obj
D:\Ragnarok\rathena rev 17719\vcproj-10\map-server\Debug\pc_groups.obj
D:\Ragnarok\rathena rev 17719\vcproj-10\map-server\Debug\pet.obj
D:\Ragnarok\rathena rev 17719\vcproj-10\map-server\Debug\quest.obj
D:\Ragnarok\rathena rev 17719\vcproj-10\map-server\Debug\raconf.obj
D:\Ragnarok\rathena rev 17719\vcproj-10\map-server\Debug\random.obj
D:\Ragnarok\rathena rev 17719\vcproj-10\map-server\Debug\rc.command.1.tlog
D:\Ragnarok\rathena rev 17719\vcproj-10\map-server\Debug\rc.read.1.tlog
D:\Ragnarok\rathena rev 17719\vcproj-10\map-server\Debug\rc.write.1.tlog
D:\Ragnarok\rathena rev 17719\vcproj-10\map-server\Debug\scanctx.obj
D:\Ragnarok\rathena rev 17719\vcproj-10\map-server\Debug\scanner.obj
D:\Ragnarok\rathena rev 17719\vcproj-10\map-server\Debug\script.obj
D:\Ragnarok\rathena rev 17719\vcproj-10\map-server\Debug\searchstore.obj
D:\Ragnarok\rathena rev 17719\vcproj-10\map-server\Debug\showmsg.obj
D:\Ragnarok\rathena rev 17719\vcproj-10\map-server\Debug\skill.obj
D:\Ragnarok\rathena rev 17719\vcproj-10\map-server\Debug\socket.obj
D:\Ragnarok\rathena rev 17719\vcproj-10\map-server\Debug\sql.obj
D:\Ragnarok\rathena rev 17719\vcproj-10\map-server\Debug\status.obj
D:\Ragnarok\rathena rev 17719\vcproj-10\map-server\Debug\storage.obj
D:\Ragnarok\rathena rev 17719\vcproj-10\map-server\Debug\strbuf.obj
D:\Ragnarok\rathena rev 17719\vcproj-10\map-server\Debug\strlib.obj
D:\Ragnarok\rathena rev 17719\vcproj-10\map-server\Debug\thread.obj
D:\Ragnarok\rathena rev 17719\vcproj-10\map-server\Debug\timer.obj
D:\Ragnarok\rathena rev 17719\vcproj-10\map-server\Debug\trade.obj
D:\Ragnarok\rathena rev 17719\vcproj-10\map-server\Debug\unit.obj
D:\Ragnarok\rathena rev 17719\vcproj-10\map-server\Debug\utils.obj
D:\Ragnarok\rathena rev 17719\vcproj-10\map-server\Debug\vc100.idb
D:\RAGNAROK\RATHENA REV 17719\VCPROJ-10\MAP-SERVER\DEBUG\VC100.PDB
D:\Ragnarok\rathena rev 17719\vcproj-10\map-server\Debug\vending.obj
