..\login-server.ilk
..\login-server.pdb
D:\RAGNAROK\RATHENA REV 17719\LOGIN-SERVER.EXE
D:\RAGNAROK\RATHENA REV 17719\LOGIN-SERVER.ILK
D:\RAGNAROK\RATHENA REV 17719\LOGIN-SERVER.PDB
D:\Ragnarok\rathena rev 17719\vcproj-10\..\login-server.exe
D:\Ragnarok\rathena rev 17719\vcproj-10\login-server\Debug\account.obj
D:\Ragnarok\rathena rev 17719\vcproj-10\login-server\Debug\CL.11592.read.1.tlog
D:\Ragnarok\rathena rev 17719\vcproj-10\login-server\Debug\CL.11592.write.1.tlog
D:\Ragnarok\rathena rev 17719\vcproj-10\login-server\Debug\CL.13680.read.1.tlog
D:\Ragnarok\rathena rev 17719\vcproj-10\login-server\Debug\CL.13680.write.1.tlog
D:\Ragnarok\rathena rev 17719\vcproj-10\login-server\Debug\CL.13768.read.1.tlog
D:\Ragnarok\rathena rev 17719\vcproj-10\login-server\Debug\CL.13768.write.1.tlog
D:\Ragnarok\rathena rev 17719\vcproj-10\login-server\Debug\CL.15036.read.1.tlog
D:\Ragnarok\rathena rev 17719\vcproj-10\login-server\Debug\CL.15036.write.1.tlog
D:\Ragnarok\rathena rev 17719\vcproj-10\login-server\Debug\CL.16692.read.1.tlog
D:\Ragnarok\rathena rev 17719\vcproj-10\login-server\Debug\CL.16692.write.1.tlog
D:\Ragnarok\rathena rev 17719\vcproj-10\login-server\Debug\CL.17588.read.1.tlog
D:\Ragnarok\rathena rev 17719\vcproj-10\login-server\Debug\CL.17588.write.1.tlog
D:\Ragnarok\rathena rev 17719\vcproj-10\login-server\Debug\CL.17944.read.1.tlog
D:\Ragnarok\rathena rev 17719\vcproj-10\login-server\Debug\CL.17944.write.1.tlog
D:\Ragnarok\rathena rev 17719\vcproj-10\login-server\Debug\CL.4212.read.1.tlog
D:\Ragnarok\rathena rev 17719\vcproj-10\login-server\Debug\CL.4212.write.1.tlog
D:\Ragnarok\rathena rev 17719\vcproj-10\login-server\Debug\cl.command.1.tlog
D:\Ragnarok\rathena rev 17719\vcproj-10\login-server\Debug\CL.read.1.tlog
D:\Ragnarok\rathena rev 17719\vcproj-10\login-server\Debug\cl.write.1.tlog
D:\Ragnarok\rathena rev 17719\vcproj-10\login-server\Debug\cli.obj
D:\Ragnarok\rathena rev 17719\vcproj-10\login-server\Debug\conf.obj
D:\Ragnarok\rathena rev 17719\vcproj-10\login-server\Debug\core.obj
D:\Ragnarok\rathena rev 17719\vcproj-10\login-server\Debug\db.obj
D:\Ragnarok\rathena rev 17719\vcproj-10\login-server\Debug\ers.obj
D:\Ragnarok\rathena rev 17719\vcproj-10\login-server\Debug\grammar.obj
D:\Ragnarok\rathena rev 17719\vcproj-10\login-server\Debug\ipban.obj
D:\Ragnarok\rathena rev 17719\vcproj-10\login-server\Debug\libconfig.obj
D:\Ragnarok\rathena rev 17719\vcproj-10\login-server\Debug\link.17624.read.1.tlog
D:\Ragnarok\rathena rev 17719\vcproj-10\login-server\Debug\link.17624.write.1.tlog
D:\Ragnarok\rathena rev 17719\vcproj-10\login-server\Debug\link.17624-cvtres.read.1.tlog
D:\Ragnarok\rathena rev 17719\vcproj-10\login-server\Debug\link.17624-cvtres.write.1.tlog
D:\Ragnarok\rathena rev 17719\vcproj-10\login-server\Debug\link.command.1.tlog
D:\Ragnarok\rathena rev 17719\vcproj-10\login-server\Debug\link.read.1.tlog
D:\Ragnarok\rathena rev 17719\vcproj-10\login-server\Debug\link.write.1.tlog
D:\Ragnarok\rathena rev 17719\vcproj-10\login-server\Debug\link-cvtres.read.1.tlog
D:\Ragnarok\rathena rev 17719\vcproj-10\login-server\Debug\link-cvtres.write.1.tlog
D:\Ragnarok\rathena rev 17719\vcproj-10\login-server\Debug\login.obj
D:\Ragnarok\rathena rev 17719\vcproj-10\login-server\Debug\loginchrif.obj
D:\Ragnarok\rathena rev 17719\vcproj-10\login-server\Debug\loginclif.obj
D:\Ragnarok\rathena rev 17719\vcproj-10\login-server\Debug\logincnslif.obj
D:\Ragnarok\rathena rev 17719\vcproj-10\login-server\Debug\loginlog.obj
D:\RAGNAROK\RATHENA REV 17719\VCPROJ-10\LOGIN-SERVER\DEBUG\LOGIN-SERVER.EXE.EMBED.MANIFEST
D:\RAGNAROK\RATHENA REV 17719\VCPROJ-10\LOGIN-SERVER\DEBUG\LOGIN-SERVER.EXE.EMBED.MANIFEST.RES
D:\RAGNAROK\RATHENA REV 17719\VCPROJ-10\LOGIN-SERVER\DEBUG\LOGIN-SERVER.EXE.INTERMEDIATE.MANIFEST
D:\Ragnarok\rathena rev 17719\vcproj-10\login-server\Debug\login-server.vcxprojResolveAssemblyReference.cache
D:\Ragnarok\rathena rev 17719\vcproj-10\login-server\Debug\login-server.write.1.tlog
D:\Ragnarok\rathena rev 17719\vcproj-10\login-server\Debug\login-server_manifest.rc
D:\Ragnarok\rathena rev 17719\vcproj-10\login-server\Debug\malloc.obj
D:\Ragnarok\rathena rev 17719\vcproj-10\login-server\Debug\md5calc.obj
D:\Ragnarok\rathena rev 17719\vcproj-10\login-server\Debug\mempool.obj
D:\Ragnarok\rathena rev 17719\vcproj-10\login-server\Debug\msg_conf.obj
D:\Ragnarok\rathena rev 17719\vcproj-10\login-server\Debug\mt.command.1.tlog
D:\Ragnarok\rathena rev 17719\vcproj-10\login-server\Debug\mt.read.1.tlog
D:\Ragnarok\rathena rev 17719\vcproj-10\login-server\Debug\mt.write.1.tlog
D:\Ragnarok\rathena rev 17719\vcproj-10\login-server\Debug\mt19937ar.obj
D:\Ragnarok\rathena rev 17719\vcproj-10\login-server\Debug\mutex.obj
D:\Ragnarok\rathena rev 17719\vcproj-10\login-server\Debug\nullpo.obj
D:\Ragnarok\rathena rev 17719\vcproj-10\login-server\Debug\raconf.obj
D:\Ragnarok\rathena rev 17719\vcproj-10\login-server\Debug\random.obj
D:\Ragnarok\rathena rev 17719\vcproj-10\login-server\Debug\rc.command.1.tlog
D:\Ragnarok\rathena rev 17719\vcproj-10\login-server\Debug\rc.read.1.tlog
D:\Ragnarok\rathena rev 17719\vcproj-10\login-server\Debug\rc.write.1.tlog
D:\Ragnarok\rathena rev 17719\vcproj-10\login-server\Debug\scanctx.obj
D:\Ragnarok\rathena rev 17719\vcproj-10\login-server\Debug\scanner.obj
D:\Ragnarok\rathena rev 17719\vcproj-10\login-server\Debug\showmsg.obj
D:\Ragnarok\rathena rev 17719\vcproj-10\login-server\Debug\socket.obj
D:\Ragnarok\rathena rev 17719\vcproj-10\login-server\Debug\sql.obj
D:\Ragnarok\rathena rev 17719\vcproj-10\login-server\Debug\strbuf.obj
D:\Ragnarok\rathena rev 17719\vcproj-10\login-server\Debug\strlib.obj
D:\Ragnarok\rathena rev 17719\vcproj-10\login-server\Debug\thread.obj
D:\Ragnarok\rathena rev 17719\vcproj-10\login-server\Debug\timer.obj
D:\Ragnarok\rathena rev 17719\vcproj-10\login-server\Debug\utils.obj
D:\Ragnarok\rathena rev 17719\vcproj-10\login-server\Debug\vc100.idb
D:\RAGNAROK\RATHENA REV 17719\VCPROJ-10\LOGIN-SERVER\DEBUG\VC100.PDB
